

================================================================
== Vivado HLS Report for 'update_indata'
================================================================
* Date:           Sun Aug 22 22:27:32 2021

* Version:        2018.2 (Build 2258646 on Thu Jun 14 20:25:20 MDT 2018)
* Project:        iaf-zcu102-721-16bing-pingpang
* Solution:       solution1
* Product family: zynquplus
* Target device:  xczu9eg-ffvb1156-2-i


================================================================
== Performance Estimates
================================================================
+ Timing (ns): 
    * Summary: 
    +--------+-------+----------+------------+
    |  Clock | Target| Estimated| Uncertainty|
    +--------+-------+----------+------------+
    |ap_clk  |  10.00|     8.750|        1.25|
    +--------+-------+----------+------------+

+ Latency (clock cycles): 
    * Summary: 
    +-----+-----+-----+-----+----------+
    |  Latency  |  Interval | Pipeline |
    | min | max | min | max |   Type   |
    +-----+-----+-----+-----+----------+
    |    8|    8|    1|    1| function |
    +-----+-----+-----+-----+----------+

    + Detail: 
        * Instance: 
        N/A

        * Loop: 
        N/A

============================================================
+ Verbose Summary: Synthesis Manager
============================================================
InlineROM: 1
ExposeGlobal: 0
============================================================
+ Verbose Summary: CDFG Model
============================================================
IsTopModel: 0
ResetActiveHigh: 1
IsCombinational: 0
IsDatapathOnly: 0
HasWiredReturn: 1
HasMFsm: 2
HasVarLatency: 0
IsPipeline: 1
IsRtlPipelined: 1
IsInstanceOverlapped: 0
IsDontTouch: 0
HasImplIP: 0
IsGatedGlobalClock: 0

+ Individual pipeline summary: 
  * Pipeline-0: initiation interval (II) = 1, depth = 9


============================================================
+ Verbose Summary: Schedule
============================================================
* Number of FSM states : 9
* Pipeline : 1
  Pipeline-0 : II = 1, D = 9, States = { 1 2 3 4 5 6 7 8 9 }
* Dataflow Pipeline: 0

* FSM state transitions: 
1 --> 
	2  / true
2 --> 
	3  / true
3 --> 
	4  / true
4 --> 
	5  / true
5 --> 
	6  / true
6 --> 
	7  / true
7 --> 
	8  / true
8 --> 
	9  / true
9 --> 

* FSM state operations: 

State 1 <SV = 0> <Delay = 0.94>
ST_1 : Operation 10 [1/1] (0.00ns)   --->   "%input01_V_offset_rea = call i25 @_ssdm_op_Read.ap_auto.i25(i25 %input01_V_offset)"   --->   Operation 10 'read' 'input01_V_offset_rea' <Predicate = true> <Delay = 0.00>
ST_1 : Operation 11 [1/1] (0.00ns)   --->   "%input00_V_offset_rea = call i25 @_ssdm_op_Read.ap_auto.i25(i25 %input00_V_offset)"   --->   Operation 11 'read' 'input00_V_offset_rea' <Predicate = true> <Delay = 0.00>
ST_1 : Operation 12 [1/1] (0.00ns)   --->   "%i_read = call i30 @_ssdm_op_Read.ap_auto.i30(i30 %i)"   --->   Operation 12 'read' 'i_read' <Predicate = true> <Delay = 0.00>
ST_1 : Operation 13 [1/1] (0.00ns)   --->   "%tmp = trunc i30 %i_read to i18"   --->   Operation 13 'trunc' 'tmp' <Predicate = true> <Delay = 0.00>
ST_1 : Operation 14 [1/1] (0.00ns)   --->   "%tmp_cast = zext i18 %tmp to i26"   --->   Operation 14 'zext' 'tmp_cast' <Predicate = true> <Delay = 0.00>
ST_1 : Operation 15 [1/1] (0.00ns)   --->   "%sext_cast = zext i25 %input00_V_offset_rea to i26"   --->   Operation 15 'zext' 'sext_cast' <Predicate = true> <Delay = 0.00>
ST_1 : Operation 16 [1/1] (0.94ns)   --->   "%sum = add i26 %sext_cast, %tmp_cast"   --->   Operation 16 'add' 'sum' <Predicate = true> <Delay = 0.94> <Core = "AddSub">   --->   Core 14 'AddSub' <Latency = 0> <II = 1> <Delay = 0.94> <FuncUnit> <Opcode : 'add' 'sub'> <InPorts = 2> <OutPorts = 1>
ST_1 : Operation 17 [1/1] (0.00ns)   --->   "%sext2_cast = zext i25 %input01_V_offset_rea to i26"   --->   Operation 17 'zext' 'sext2_cast' <Predicate = true> <Delay = 0.00>
ST_1 : Operation 18 [1/1] (0.94ns)   --->   "%sum3 = add i26 %sext2_cast, %tmp_cast"   --->   Operation 18 'add' 'sum3' <Predicate = true> <Delay = 0.94> <Core = "AddSub">   --->   Core 14 'AddSub' <Latency = 0> <II = 1> <Delay = 0.94> <FuncUnit> <Opcode : 'add' 'sub'> <InPorts = 2> <OutPorts = 1>

State 2 <SV = 1> <Delay = 8.75>
ST_2 : Operation 19 [1/1] (0.00ns)   --->   "%sum_cast = zext i26 %sum to i64"   --->   Operation 19 'zext' 'sum_cast' <Predicate = true> <Delay = 0.00>
ST_2 : Operation 20 [1/1] (0.00ns)   --->   "%input00_V_addr = getelementptr i1024* %input00_V, i64 %sum_cast"   --->   Operation 20 'getelementptr' 'input00_V_addr' <Predicate = true> <Delay = 0.00>
ST_2 : Operation 21 [7/7] (8.75ns)   --->   "%input00_V_load_req = call i1 @_ssdm_op_ReadReq.m_axi.i1024P(i1024* %input00_V_addr, i32 1)" [../pingpang/neuron.cpp:22]   --->   Operation 21 'readreq' 'input00_V_load_req' <Predicate = true> <Delay = 8.75> <Core = "m_axi">   --->   Core 9 'm_axi' <Latency = 6> <II = 1> <Delay = 1.00> <Adapter> <Opcode : 'read' 'write' 'readreq' 'writereq' 'writeresp'>
ST_2 : Operation 22 [1/1] (0.00ns)   --->   "%sum3_cast = zext i26 %sum3 to i64"   --->   Operation 22 'zext' 'sum3_cast' <Predicate = true> <Delay = 0.00>
ST_2 : Operation 23 [1/1] (0.00ns)   --->   "%input01_V_addr = getelementptr i1024* %input01_V, i64 %sum3_cast"   --->   Operation 23 'getelementptr' 'input01_V_addr' <Predicate = true> <Delay = 0.00>
ST_2 : Operation 24 [7/7] (8.75ns)   --->   "%input01_V_load_req = call i1 @_ssdm_op_ReadReq.m_axi.i1024P(i1024* %input01_V_addr, i32 1)" [../pingpang/neuron.cpp:23]   --->   Operation 24 'readreq' 'input01_V_load_req' <Predicate = true> <Delay = 8.75> <Core = "m_axi">   --->   Core 9 'm_axi' <Latency = 6> <II = 1> <Delay = 1.00> <Adapter> <Opcode : 'read' 'write' 'readreq' 'writereq' 'writeresp'>

State 3 <SV = 2> <Delay = 8.75>
ST_3 : Operation 25 [6/7] (8.75ns)   --->   "%input00_V_load_req = call i1 @_ssdm_op_ReadReq.m_axi.i1024P(i1024* %input00_V_addr, i32 1)" [../pingpang/neuron.cpp:22]   --->   Operation 25 'readreq' 'input00_V_load_req' <Predicate = true> <Delay = 8.75> <Core = "m_axi">   --->   Core 9 'm_axi' <Latency = 6> <II = 1> <Delay = 1.00> <Adapter> <Opcode : 'read' 'write' 'readreq' 'writereq' 'writeresp'>
ST_3 : Operation 26 [6/7] (8.75ns)   --->   "%input01_V_load_req = call i1 @_ssdm_op_ReadReq.m_axi.i1024P(i1024* %input01_V_addr, i32 1)" [../pingpang/neuron.cpp:23]   --->   Operation 26 'readreq' 'input01_V_load_req' <Predicate = true> <Delay = 8.75> <Core = "m_axi">   --->   Core 9 'm_axi' <Latency = 6> <II = 1> <Delay = 1.00> <Adapter> <Opcode : 'read' 'write' 'readreq' 'writereq' 'writeresp'>

State 4 <SV = 3> <Delay = 8.75>
ST_4 : Operation 27 [5/7] (8.75ns)   --->   "%input00_V_load_req = call i1 @_ssdm_op_ReadReq.m_axi.i1024P(i1024* %input00_V_addr, i32 1)" [../pingpang/neuron.cpp:22]   --->   Operation 27 'readreq' 'input00_V_load_req' <Predicate = true> <Delay = 8.75> <Core = "m_axi">   --->   Core 9 'm_axi' <Latency = 6> <II = 1> <Delay = 1.00> <Adapter> <Opcode : 'read' 'write' 'readreq' 'writereq' 'writeresp'>
ST_4 : Operation 28 [5/7] (8.75ns)   --->   "%input01_V_load_req = call i1 @_ssdm_op_ReadReq.m_axi.i1024P(i1024* %input01_V_addr, i32 1)" [../pingpang/neuron.cpp:23]   --->   Operation 28 'readreq' 'input01_V_load_req' <Predicate = true> <Delay = 8.75> <Core = "m_axi">   --->   Core 9 'm_axi' <Latency = 6> <II = 1> <Delay = 1.00> <Adapter> <Opcode : 'read' 'write' 'readreq' 'writereq' 'writeresp'>

State 5 <SV = 4> <Delay = 8.75>
ST_5 : Operation 29 [4/7] (8.75ns)   --->   "%input00_V_load_req = call i1 @_ssdm_op_ReadReq.m_axi.i1024P(i1024* %input00_V_addr, i32 1)" [../pingpang/neuron.cpp:22]   --->   Operation 29 'readreq' 'input00_V_load_req' <Predicate = true> <Delay = 8.75> <Core = "m_axi">   --->   Core 9 'm_axi' <Latency = 6> <II = 1> <Delay = 1.00> <Adapter> <Opcode : 'read' 'write' 'readreq' 'writereq' 'writeresp'>
ST_5 : Operation 30 [4/7] (8.75ns)   --->   "%input01_V_load_req = call i1 @_ssdm_op_ReadReq.m_axi.i1024P(i1024* %input01_V_addr, i32 1)" [../pingpang/neuron.cpp:23]   --->   Operation 30 'readreq' 'input01_V_load_req' <Predicate = true> <Delay = 8.75> <Core = "m_axi">   --->   Core 9 'm_axi' <Latency = 6> <II = 1> <Delay = 1.00> <Adapter> <Opcode : 'read' 'write' 'readreq' 'writereq' 'writeresp'>

State 6 <SV = 5> <Delay = 8.75>
ST_6 : Operation 31 [3/7] (8.75ns)   --->   "%input00_V_load_req = call i1 @_ssdm_op_ReadReq.m_axi.i1024P(i1024* %input00_V_addr, i32 1)" [../pingpang/neuron.cpp:22]   --->   Operation 31 'readreq' 'input00_V_load_req' <Predicate = true> <Delay = 8.75> <Core = "m_axi">   --->   Core 9 'm_axi' <Latency = 6> <II = 1> <Delay = 1.00> <Adapter> <Opcode : 'read' 'write' 'readreq' 'writereq' 'writeresp'>
ST_6 : Operation 32 [3/7] (8.75ns)   --->   "%input01_V_load_req = call i1 @_ssdm_op_ReadReq.m_axi.i1024P(i1024* %input01_V_addr, i32 1)" [../pingpang/neuron.cpp:23]   --->   Operation 32 'readreq' 'input01_V_load_req' <Predicate = true> <Delay = 8.75> <Core = "m_axi">   --->   Core 9 'm_axi' <Latency = 6> <II = 1> <Delay = 1.00> <Adapter> <Opcode : 'read' 'write' 'readreq' 'writereq' 'writeresp'>

State 7 <SV = 6> <Delay = 8.75>
ST_7 : Operation 33 [2/7] (8.75ns)   --->   "%input00_V_load_req = call i1 @_ssdm_op_ReadReq.m_axi.i1024P(i1024* %input00_V_addr, i32 1)" [../pingpang/neuron.cpp:22]   --->   Operation 33 'readreq' 'input00_V_load_req' <Predicate = true> <Delay = 8.75> <Core = "m_axi">   --->   Core 9 'm_axi' <Latency = 6> <II = 1> <Delay = 1.00> <Adapter> <Opcode : 'read' 'write' 'readreq' 'writereq' 'writeresp'>
ST_7 : Operation 34 [2/7] (8.75ns)   --->   "%input01_V_load_req = call i1 @_ssdm_op_ReadReq.m_axi.i1024P(i1024* %input01_V_addr, i32 1)" [../pingpang/neuron.cpp:23]   --->   Operation 34 'readreq' 'input01_V_load_req' <Predicate = true> <Delay = 8.75> <Core = "m_axi">   --->   Core 9 'm_axi' <Latency = 6> <II = 1> <Delay = 1.00> <Adapter> <Opcode : 'read' 'write' 'readreq' 'writereq' 'writeresp'>

State 8 <SV = 7> <Delay = 8.75>
ST_8 : Operation 35 [1/7] (8.75ns)   --->   "%input00_V_load_req = call i1 @_ssdm_op_ReadReq.m_axi.i1024P(i1024* %input00_V_addr, i32 1)" [../pingpang/neuron.cpp:22]   --->   Operation 35 'readreq' 'input00_V_load_req' <Predicate = true> <Delay = 8.75> <Core = "m_axi">   --->   Core 9 'm_axi' <Latency = 6> <II = 1> <Delay = 1.00> <Adapter> <Opcode : 'read' 'write' 'readreq' 'writereq' 'writeresp'>
ST_8 : Operation 36 [1/7] (8.75ns)   --->   "%input01_V_load_req = call i1 @_ssdm_op_ReadReq.m_axi.i1024P(i1024* %input01_V_addr, i32 1)" [../pingpang/neuron.cpp:23]   --->   Operation 36 'readreq' 'input01_V_load_req' <Predicate = true> <Delay = 8.75> <Core = "m_axi">   --->   Core 9 'm_axi' <Latency = 6> <II = 1> <Delay = 1.00> <Adapter> <Opcode : 'read' 'write' 'readreq' 'writereq' 'writeresp'>

State 9 <SV = 8> <Delay = 8.75>
ST_9 : Operation 37 [1/1] (0.00ns)   --->   "call void (...)* @_ssdm_op_SpecInterface(i1024* %input00_V, [6 x i8]* @p_str1, i32 0, i32 0, [1 x i8]* @p_str, i32 0, i32 900000, [8 x i8]* @p_str9, [6 x i8]* @p_str3, [1 x i8]* @p_str, i32 16, i32 16, i32 16, i32 16, [1 x i8]* @p_str, [1 x i8]* @p_str)"   --->   Operation 37 'specinterface' <Predicate = true> <Delay = 0.00>
ST_9 : Operation 38 [1/1] (0.00ns)   --->   "call void (...)* @_ssdm_op_SpecInterface(i1024* %input01_V, [6 x i8]* @p_str1, i32 0, i32 0, [1 x i8]* @p_str, i32 0, i32 900000, [8 x i8]* @p_str8, [6 x i8]* @p_str3, [1 x i8]* @p_str, i32 16, i32 16, i32 16, i32 16, [1 x i8]* @p_str, [1 x i8]* @p_str)"   --->   Operation 38 'specinterface' <Predicate = true> <Delay = 0.00>
ST_9 : Operation 39 [1/1] (8.75ns)   --->   "%input00_V_addr_read = call i1024 @_ssdm_op_Read.m_axi.i1024P(i1024* %input00_V_addr)" [../pingpang/neuron.cpp:22]   --->   Operation 39 'read' 'input00_V_addr_read' <Predicate = true> <Delay = 8.75> <Core = "m_axi">   --->   Core 9 'm_axi' <Latency = 6> <II = 1> <Delay = 1.00> <Adapter> <Opcode : 'read' 'write' 'readreq' 'writereq' 'writeresp'>
ST_9 : Operation 40 [1/1] (8.75ns)   --->   "%input01_V_addr_read = call i1024 @_ssdm_op_Read.m_axi.i1024P(i1024* %input01_V_addr)" [../pingpang/neuron.cpp:23]   --->   Operation 40 'read' 'input01_V_addr_read' <Predicate = true> <Delay = 8.75> <Core = "m_axi">   --->   Core 9 'm_axi' <Latency = 6> <II = 1> <Delay = 1.00> <Adapter> <Opcode : 'read' 'write' 'readreq' 'writereq' 'writeresp'>
ST_9 : Operation 41 [1/1] (0.00ns)   --->   "%tmp_68 = trunc i1024 %input00_V_addr_read to i32" [../pingpang/neuron.cpp:24]   --->   Operation 41 'trunc' 'tmp_68' <Predicate = true> <Delay = 0.00>
ST_9 : Operation 42 [1/1] (0.00ns)   --->   "%p_Result_4 = call i32 @_ssdm_op_PartSelect.i32.i1024.i12.i12(i1024 %input00_V_addr_read, i12 32, i12 63)" [../pingpang/neuron.cpp:25]   --->   Operation 42 'partselect' 'p_Result_4' <Predicate = true> <Delay = 0.00>
ST_9 : Operation 43 [1/1] (0.00ns)   --->   "%p_Result_5 = call i32 @_ssdm_op_PartSelect.i32.i1024.i12.i12(i1024 %input00_V_addr_read, i12 64, i12 95)" [../pingpang/neuron.cpp:26]   --->   Operation 43 'partselect' 'p_Result_5' <Predicate = true> <Delay = 0.00>
ST_9 : Operation 44 [1/1] (0.00ns)   --->   "%tmp_69 = trunc i1024 %input01_V_addr_read to i32" [../pingpang/neuron.cpp:28]   --->   Operation 44 'trunc' 'tmp_69' <Predicate = true> <Delay = 0.00>
ST_9 : Operation 45 [1/1] (0.00ns)   --->   "%p_Result_7 = call i32 @_ssdm_op_PartSelect.i32.i1024.i12.i12(i1024 %input01_V_addr_read, i12 32, i12 63)" [../pingpang/neuron.cpp:29]   --->   Operation 45 'partselect' 'p_Result_7' <Predicate = true> <Delay = 0.00>
ST_9 : Operation 46 [1/1] (0.00ns)   --->   "%p_Result_8 = call i32 @_ssdm_op_PartSelect.i32.i1024.i12.i12(i1024 %input01_V_addr_read, i12 64, i12 95)" [../pingpang/neuron.cpp:30]   --->   Operation 46 'partselect' 'p_Result_8' <Predicate = true> <Delay = 0.00>
ST_9 : Operation 47 [1/1] (0.00ns)   --->   "%p_Result_9 = call i32 @_ssdm_op_PartSelect.i32.i1024.i12.i12(i1024 %input01_V_addr_read, i12 96, i12 127)" [../pingpang/neuron.cpp:31]   --->   Operation 47 'partselect' 'p_Result_9' <Predicate = true> <Delay = 0.00>
ST_9 : Operation 48 [1/1] (0.00ns)   --->   "%p_Result_1 = call i32 @_ssdm_op_PartSelect.i32.i1024.i12.i12(i1024 %input00_V_addr_read, i12 128, i12 159)" [../pingpang/neuron.cpp:24]   --->   Operation 48 'partselect' 'p_Result_1' <Predicate = true> <Delay = 0.00>
ST_9 : Operation 49 [1/1] (0.00ns)   --->   "%p_Result_4_1 = call i32 @_ssdm_op_PartSelect.i32.i1024.i12.i12(i1024 %input00_V_addr_read, i12 160, i12 191)" [../pingpang/neuron.cpp:25]   --->   Operation 49 'partselect' 'p_Result_4_1' <Predicate = true> <Delay = 0.00>
ST_9 : Operation 50 [1/1] (0.00ns)   --->   "%p_Result_5_1 = call i32 @_ssdm_op_PartSelect.i32.i1024.i12.i12(i1024 %input00_V_addr_read, i12 192, i12 223)" [../pingpang/neuron.cpp:26]   --->   Operation 50 'partselect' 'p_Result_5_1' <Predicate = true> <Delay = 0.00>
ST_9 : Operation 51 [1/1] (0.00ns)   --->   "%p_Result_6_1 = call i32 @_ssdm_op_PartSelect.i32.i1024.i12.i12(i1024 %input01_V_addr_read, i12 128, i12 159)" [../pingpang/neuron.cpp:28]   --->   Operation 51 'partselect' 'p_Result_6_1' <Predicate = true> <Delay = 0.00>
ST_9 : Operation 52 [1/1] (0.00ns)   --->   "%p_Result_7_1 = call i32 @_ssdm_op_PartSelect.i32.i1024.i12.i12(i1024 %input01_V_addr_read, i12 160, i12 191)" [../pingpang/neuron.cpp:29]   --->   Operation 52 'partselect' 'p_Result_7_1' <Predicate = true> <Delay = 0.00>
ST_9 : Operation 53 [1/1] (0.00ns)   --->   "%p_Result_8_1 = call i32 @_ssdm_op_PartSelect.i32.i1024.i12.i12(i1024 %input01_V_addr_read, i12 192, i12 223)" [../pingpang/neuron.cpp:30]   --->   Operation 53 'partselect' 'p_Result_8_1' <Predicate = true> <Delay = 0.00>
ST_9 : Operation 54 [1/1] (0.00ns)   --->   "%p_Result_9_1 = call i32 @_ssdm_op_PartSelect.i32.i1024.i12.i12(i1024 %input01_V_addr_read, i12 224, i12 255)" [../pingpang/neuron.cpp:31]   --->   Operation 54 'partselect' 'p_Result_9_1' <Predicate = true> <Delay = 0.00>
ST_9 : Operation 55 [1/1] (0.00ns)   --->   "%p_Result_2 = call i32 @_ssdm_op_PartSelect.i32.i1024.i12.i12(i1024 %input00_V_addr_read, i12 256, i12 287)" [../pingpang/neuron.cpp:24]   --->   Operation 55 'partselect' 'p_Result_2' <Predicate = true> <Delay = 0.00>
ST_9 : Operation 56 [1/1] (0.00ns)   --->   "%p_Result_4_2 = call i32 @_ssdm_op_PartSelect.i32.i1024.i12.i12(i1024 %input00_V_addr_read, i12 288, i12 319)" [../pingpang/neuron.cpp:25]   --->   Operation 56 'partselect' 'p_Result_4_2' <Predicate = true> <Delay = 0.00>
ST_9 : Operation 57 [1/1] (0.00ns)   --->   "%p_Result_5_2 = call i32 @_ssdm_op_PartSelect.i32.i1024.i12.i12(i1024 %input00_V_addr_read, i12 320, i12 351)" [../pingpang/neuron.cpp:26]   --->   Operation 57 'partselect' 'p_Result_5_2' <Predicate = true> <Delay = 0.00>
ST_9 : Operation 58 [1/1] (0.00ns)   --->   "%p_Result_6_2 = call i32 @_ssdm_op_PartSelect.i32.i1024.i12.i12(i1024 %input01_V_addr_read, i12 256, i12 287)" [../pingpang/neuron.cpp:28]   --->   Operation 58 'partselect' 'p_Result_6_2' <Predicate = true> <Delay = 0.00>
ST_9 : Operation 59 [1/1] (0.00ns)   --->   "%p_Result_7_2 = call i32 @_ssdm_op_PartSelect.i32.i1024.i12.i12(i1024 %input01_V_addr_read, i12 288, i12 319)" [../pingpang/neuron.cpp:29]   --->   Operation 59 'partselect' 'p_Result_7_2' <Predicate = true> <Delay = 0.00>
ST_9 : Operation 60 [1/1] (0.00ns)   --->   "%p_Result_8_2 = call i32 @_ssdm_op_PartSelect.i32.i1024.i12.i12(i1024 %input01_V_addr_read, i12 320, i12 351)" [../pingpang/neuron.cpp:30]   --->   Operation 60 'partselect' 'p_Result_8_2' <Predicate = true> <Delay = 0.00>
ST_9 : Operation 61 [1/1] (0.00ns)   --->   "%p_Result_9_2 = call i32 @_ssdm_op_PartSelect.i32.i1024.i12.i12(i1024 %input01_V_addr_read, i12 352, i12 383)" [../pingpang/neuron.cpp:31]   --->   Operation 61 'partselect' 'p_Result_9_2' <Predicate = true> <Delay = 0.00>
ST_9 : Operation 62 [1/1] (0.00ns)   --->   "%p_Result_3 = call i32 @_ssdm_op_PartSelect.i32.i1024.i12.i12(i1024 %input00_V_addr_read, i12 384, i12 415)" [../pingpang/neuron.cpp:24]   --->   Operation 62 'partselect' 'p_Result_3' <Predicate = true> <Delay = 0.00>
ST_9 : Operation 63 [1/1] (0.00ns)   --->   "%p_Result_4_3 = call i32 @_ssdm_op_PartSelect.i32.i1024.i12.i12(i1024 %input00_V_addr_read, i12 416, i12 447)" [../pingpang/neuron.cpp:25]   --->   Operation 63 'partselect' 'p_Result_4_3' <Predicate = true> <Delay = 0.00>
ST_9 : Operation 64 [1/1] (0.00ns)   --->   "%p_Result_5_3 = call i32 @_ssdm_op_PartSelect.i32.i1024.i12.i12(i1024 %input00_V_addr_read, i12 448, i12 479)" [../pingpang/neuron.cpp:26]   --->   Operation 64 'partselect' 'p_Result_5_3' <Predicate = true> <Delay = 0.00>
ST_9 : Operation 65 [1/1] (0.00ns)   --->   "%p_Result_6_3 = call i32 @_ssdm_op_PartSelect.i32.i1024.i12.i12(i1024 %input01_V_addr_read, i12 384, i12 415)" [../pingpang/neuron.cpp:28]   --->   Operation 65 'partselect' 'p_Result_6_3' <Predicate = true> <Delay = 0.00>
ST_9 : Operation 66 [1/1] (0.00ns)   --->   "%p_Result_7_3 = call i32 @_ssdm_op_PartSelect.i32.i1024.i12.i12(i1024 %input01_V_addr_read, i12 416, i12 447)" [../pingpang/neuron.cpp:29]   --->   Operation 66 'partselect' 'p_Result_7_3' <Predicate = true> <Delay = 0.00>
ST_9 : Operation 67 [1/1] (0.00ns)   --->   "%p_Result_8_3 = call i32 @_ssdm_op_PartSelect.i32.i1024.i12.i12(i1024 %input01_V_addr_read, i12 448, i12 479)" [../pingpang/neuron.cpp:30]   --->   Operation 67 'partselect' 'p_Result_8_3' <Predicate = true> <Delay = 0.00>
ST_9 : Operation 68 [1/1] (0.00ns)   --->   "%p_Result_9_3 = call i32 @_ssdm_op_PartSelect.i32.i1024.i12.i12(i1024 %input01_V_addr_read, i12 480, i12 511)" [../pingpang/neuron.cpp:31]   --->   Operation 68 'partselect' 'p_Result_9_3' <Predicate = true> <Delay = 0.00>
ST_9 : Operation 69 [1/1] (0.00ns)   --->   "%p_Result_s = call i32 @_ssdm_op_PartSelect.i32.i1024.i12.i12(i1024 %input00_V_addr_read, i12 512, i12 543)" [../pingpang/neuron.cpp:24]   --->   Operation 69 'partselect' 'p_Result_s' <Predicate = true> <Delay = 0.00>
ST_9 : Operation 70 [1/1] (0.00ns)   --->   "%p_Result_4_4 = call i32 @_ssdm_op_PartSelect.i32.i1024.i12.i12(i1024 %input00_V_addr_read, i12 544, i12 575)" [../pingpang/neuron.cpp:25]   --->   Operation 70 'partselect' 'p_Result_4_4' <Predicate = true> <Delay = 0.00>
ST_9 : Operation 71 [1/1] (0.00ns)   --->   "%p_Result_5_4 = call i32 @_ssdm_op_PartSelect.i32.i1024.i12.i12(i1024 %input00_V_addr_read, i12 576, i12 607)" [../pingpang/neuron.cpp:26]   --->   Operation 71 'partselect' 'p_Result_5_4' <Predicate = true> <Delay = 0.00>
ST_9 : Operation 72 [1/1] (0.00ns)   --->   "%p_Result_6_4 = call i32 @_ssdm_op_PartSelect.i32.i1024.i12.i12(i1024 %input01_V_addr_read, i12 512, i12 543)" [../pingpang/neuron.cpp:28]   --->   Operation 72 'partselect' 'p_Result_6_4' <Predicate = true> <Delay = 0.00>
ST_9 : Operation 73 [1/1] (0.00ns)   --->   "%p_Result_7_4 = call i32 @_ssdm_op_PartSelect.i32.i1024.i12.i12(i1024 %input01_V_addr_read, i12 544, i12 575)" [../pingpang/neuron.cpp:29]   --->   Operation 73 'partselect' 'p_Result_7_4' <Predicate = true> <Delay = 0.00>
ST_9 : Operation 74 [1/1] (0.00ns)   --->   "%p_Result_8_4 = call i32 @_ssdm_op_PartSelect.i32.i1024.i12.i12(i1024 %input01_V_addr_read, i12 576, i12 607)" [../pingpang/neuron.cpp:30]   --->   Operation 74 'partselect' 'p_Result_8_4' <Predicate = true> <Delay = 0.00>
ST_9 : Operation 75 [1/1] (0.00ns)   --->   "%p_Result_9_4 = call i32 @_ssdm_op_PartSelect.i32.i1024.i12.i12(i1024 %input01_V_addr_read, i12 608, i12 639)" [../pingpang/neuron.cpp:31]   --->   Operation 75 'partselect' 'p_Result_9_4' <Predicate = true> <Delay = 0.00>
ST_9 : Operation 76 [1/1] (0.00ns)   --->   "%p_Result_6 = call i32 @_ssdm_op_PartSelect.i32.i1024.i12.i12(i1024 %input00_V_addr_read, i12 640, i12 671)" [../pingpang/neuron.cpp:24]   --->   Operation 76 'partselect' 'p_Result_6' <Predicate = true> <Delay = 0.00>
ST_9 : Operation 77 [1/1] (0.00ns)   --->   "%p_Result_4_5 = call i32 @_ssdm_op_PartSelect.i32.i1024.i12.i12(i1024 %input00_V_addr_read, i12 672, i12 703)" [../pingpang/neuron.cpp:25]   --->   Operation 77 'partselect' 'p_Result_4_5' <Predicate = true> <Delay = 0.00>
ST_9 : Operation 78 [1/1] (0.00ns)   --->   "%p_Result_5_5 = call i32 @_ssdm_op_PartSelect.i32.i1024.i12.i12(i1024 %input00_V_addr_read, i12 704, i12 735)" [../pingpang/neuron.cpp:26]   --->   Operation 78 'partselect' 'p_Result_5_5' <Predicate = true> <Delay = 0.00>
ST_9 : Operation 79 [1/1] (0.00ns)   --->   "%p_Result_6_5 = call i32 @_ssdm_op_PartSelect.i32.i1024.i12.i12(i1024 %input01_V_addr_read, i12 640, i12 671)" [../pingpang/neuron.cpp:28]   --->   Operation 79 'partselect' 'p_Result_6_5' <Predicate = true> <Delay = 0.00>
ST_9 : Operation 80 [1/1] (0.00ns)   --->   "%p_Result_7_5 = call i32 @_ssdm_op_PartSelect.i32.i1024.i12.i12(i1024 %input01_V_addr_read, i12 672, i12 703)" [../pingpang/neuron.cpp:29]   --->   Operation 80 'partselect' 'p_Result_7_5' <Predicate = true> <Delay = 0.00>
ST_9 : Operation 81 [1/1] (0.00ns)   --->   "%p_Result_8_5 = call i32 @_ssdm_op_PartSelect.i32.i1024.i12.i12(i1024 %input01_V_addr_read, i12 704, i12 735)" [../pingpang/neuron.cpp:30]   --->   Operation 81 'partselect' 'p_Result_8_5' <Predicate = true> <Delay = 0.00>
ST_9 : Operation 82 [1/1] (0.00ns)   --->   "%p_Result_9_5 = call i32 @_ssdm_op_PartSelect.i32.i1024.i12.i12(i1024 %input01_V_addr_read, i12 736, i12 767)" [../pingpang/neuron.cpp:31]   --->   Operation 82 'partselect' 'p_Result_9_5' <Predicate = true> <Delay = 0.00>
ST_9 : Operation 83 [1/1] (0.00ns)   --->   "%p_Result_10 = call i32 @_ssdm_op_PartSelect.i32.i1024.i12.i12(i1024 %input00_V_addr_read, i12 768, i12 799)" [../pingpang/neuron.cpp:24]   --->   Operation 83 'partselect' 'p_Result_10' <Predicate = true> <Delay = 0.00>
ST_9 : Operation 84 [1/1] (0.00ns)   --->   "%p_Result_4_6 = call i32 @_ssdm_op_PartSelect.i32.i1024.i12.i12(i1024 %input00_V_addr_read, i12 800, i12 831)" [../pingpang/neuron.cpp:25]   --->   Operation 84 'partselect' 'p_Result_4_6' <Predicate = true> <Delay = 0.00>
ST_9 : Operation 85 [1/1] (0.00ns)   --->   "%p_Result_5_6 = call i32 @_ssdm_op_PartSelect.i32.i1024.i12.i12(i1024 %input00_V_addr_read, i12 832, i12 863)" [../pingpang/neuron.cpp:26]   --->   Operation 85 'partselect' 'p_Result_5_6' <Predicate = true> <Delay = 0.00>
ST_9 : Operation 86 [1/1] (0.00ns)   --->   "%p_Result_6_6 = call i32 @_ssdm_op_PartSelect.i32.i1024.i12.i12(i1024 %input01_V_addr_read, i12 768, i12 799)" [../pingpang/neuron.cpp:28]   --->   Operation 86 'partselect' 'p_Result_6_6' <Predicate = true> <Delay = 0.00>
ST_9 : Operation 87 [1/1] (0.00ns)   --->   "%p_Result_7_6 = call i32 @_ssdm_op_PartSelect.i32.i1024.i12.i12(i1024 %input01_V_addr_read, i12 800, i12 831)" [../pingpang/neuron.cpp:29]   --->   Operation 87 'partselect' 'p_Result_7_6' <Predicate = true> <Delay = 0.00>
ST_9 : Operation 88 [1/1] (0.00ns)   --->   "%p_Result_8_6 = call i32 @_ssdm_op_PartSelect.i32.i1024.i12.i12(i1024 %input01_V_addr_read, i12 832, i12 863)" [../pingpang/neuron.cpp:30]   --->   Operation 88 'partselect' 'p_Result_8_6' <Predicate = true> <Delay = 0.00>
ST_9 : Operation 89 [1/1] (0.00ns)   --->   "%p_Result_9_6 = call i32 @_ssdm_op_PartSelect.i32.i1024.i12.i12(i1024 %input01_V_addr_read, i12 864, i12 895)" [../pingpang/neuron.cpp:31]   --->   Operation 89 'partselect' 'p_Result_9_6' <Predicate = true> <Delay = 0.00>
ST_9 : Operation 90 [1/1] (0.00ns)   --->   "%p_Result_11 = call i32 @_ssdm_op_PartSelect.i32.i1024.i12.i12(i1024 %input00_V_addr_read, i12 896, i12 927)" [../pingpang/neuron.cpp:24]   --->   Operation 90 'partselect' 'p_Result_11' <Predicate = true> <Delay = 0.00>
ST_9 : Operation 91 [1/1] (0.00ns)   --->   "%weighted_spikes_ex_s = call i256 @_ssdm_op_BitConcatenate.i256.i32.i32.i32.i32.i32.i32.i32.i32(i32 %p_Result_11, i32 %p_Result_10, i32 %p_Result_6, i32 %p_Result_s, i32 %p_Result_3, i32 %p_Result_2, i32 %p_Result_1, i32 %tmp_68)" [../pingpang/neuron.cpp:24]   --->   Operation 91 'bitconcatenate' 'weighted_spikes_ex_s' <Predicate = true> <Delay = 0.00>
ST_9 : Operation 92 [1/1] (0.00ns)   --->   "%p_Result_4_7 = call i32 @_ssdm_op_PartSelect.i32.i1024.i12.i12(i1024 %input00_V_addr_read, i12 928, i12 959)" [../pingpang/neuron.cpp:25]   --->   Operation 92 'partselect' 'p_Result_4_7' <Predicate = true> <Delay = 0.00>
ST_9 : Operation 93 [1/1] (0.00ns)   --->   "%weighted_spikes_in_s = call i256 @_ssdm_op_BitConcatenate.i256.i32.i32.i32.i32.i32.i32.i32.i32(i32 %p_Result_4_7, i32 %p_Result_4_6, i32 %p_Result_4_5, i32 %p_Result_4_4, i32 %p_Result_4_3, i32 %p_Result_4_2, i32 %p_Result_4_1, i32 %p_Result_4)" [../pingpang/neuron.cpp:25]   --->   Operation 93 'bitconcatenate' 'weighted_spikes_in_s' <Predicate = true> <Delay = 0.00>
ST_9 : Operation 94 [1/1] (0.00ns)   --->   "%p_Result_5_7 = call i32 @_ssdm_op_PartSelect.i32.i1024.i12.i12(i1024 %input00_V_addr_read, i12 960, i12 991)" [../pingpang/neuron.cpp:26]   --->   Operation 94 'partselect' 'p_Result_5_7' <Predicate = true> <Delay = 0.00>
ST_9 : Operation 95 [1/1] (0.00ns)   --->   "%I_e_s = call i256 @_ssdm_op_BitConcatenate.i256.i32.i32.i32.i32.i32.i32.i32.i32(i32 %p_Result_5_7, i32 %p_Result_5_6, i32 %p_Result_5_5, i32 %p_Result_5_4, i32 %p_Result_5_3, i32 %p_Result_5_2, i32 %p_Result_5_1, i32 %p_Result_5)" [../pingpang/neuron.cpp:26]   --->   Operation 95 'bitconcatenate' 'I_e_s' <Predicate = true> <Delay = 0.00>
ST_9 : Operation 96 [1/1] (0.00ns)   --->   "%p_Result_6_7 = call i32 @_ssdm_op_PartSelect.i32.i1024.i12.i12(i1024 %input01_V_addr_read, i12 896, i12 927)" [../pingpang/neuron.cpp:28]   --->   Operation 96 'partselect' 'p_Result_6_7' <Predicate = true> <Delay = 0.00>
ST_9 : Operation 97 [1/1] (0.00ns)   --->   "%i_syn_ex_s = call i256 @_ssdm_op_BitConcatenate.i256.i32.i32.i32.i32.i32.i32.i32.i32(i32 %p_Result_6_7, i32 %p_Result_6_6, i32 %p_Result_6_5, i32 %p_Result_6_4, i32 %p_Result_6_3, i32 %p_Result_6_2, i32 %p_Result_6_1, i32 %tmp_69)" [../pingpang/neuron.cpp:28]   --->   Operation 97 'bitconcatenate' 'i_syn_ex_s' <Predicate = true> <Delay = 0.00>
ST_9 : Operation 98 [1/1] (0.00ns)   --->   "%p_Result_7_7 = call i32 @_ssdm_op_PartSelect.i32.i1024.i12.i12(i1024 %input01_V_addr_read, i12 928, i12 959)" [../pingpang/neuron.cpp:29]   --->   Operation 98 'partselect' 'p_Result_7_7' <Predicate = true> <Delay = 0.00>
ST_9 : Operation 99 [1/1] (0.00ns)   --->   "%i_syn_in_s = call i256 @_ssdm_op_BitConcatenate.i256.i32.i32.i32.i32.i32.i32.i32.i32(i32 %p_Result_7_7, i32 %p_Result_7_6, i32 %p_Result_7_5, i32 %p_Result_7_4, i32 %p_Result_7_3, i32 %p_Result_7_2, i32 %p_Result_7_1, i32 %p_Result_7)" [../pingpang/neuron.cpp:29]   --->   Operation 99 'bitconcatenate' 'i_syn_in_s' <Predicate = true> <Delay = 0.00>
ST_9 : Operation 100 [1/1] (0.00ns)   --->   "%p_Result_8_7 = call i32 @_ssdm_op_PartSelect.i32.i1024.i12.i12(i1024 %input01_V_addr_read, i12 960, i12 991)" [../pingpang/neuron.cpp:30]   --->   Operation 100 'partselect' 'p_Result_8_7' <Predicate = true> <Delay = 0.00>
ST_9 : Operation 101 [1/1] (0.00ns)   --->   "%r_ref_s = call i256 @_ssdm_op_BitConcatenate.i256.i32.i32.i32.i32.i32.i32.i32.i32(i32 %p_Result_8_7, i32 %p_Result_8_6, i32 %p_Result_8_5, i32 %p_Result_8_4, i32 %p_Result_8_3, i32 %p_Result_8_2, i32 %p_Result_8_1, i32 %p_Result_8)" [../pingpang/neuron.cpp:30]   --->   Operation 101 'bitconcatenate' 'r_ref_s' <Predicate = true> <Delay = 0.00>
ST_9 : Operation 102 [1/1] (0.00ns)   --->   "%p_Result_9_7 = call i32 @_ssdm_op_PartSelect.i32.i1024.i12.i12(i1024 %input01_V_addr_read, i12 992, i12 1023)" [../pingpang/neuron.cpp:31]   --->   Operation 102 'partselect' 'p_Result_9_7' <Predicate = true> <Delay = 0.00>
ST_9 : Operation 103 [1/1] (0.00ns)   --->   "%V_m_s = call i256 @_ssdm_op_BitConcatenate.i256.i32.i32.i32.i32.i32.i32.i32.i32(i32 %p_Result_9_7, i32 %p_Result_9_6, i32 %p_Result_9_5, i32 %p_Result_9_4, i32 %p_Result_9_3, i32 %p_Result_9_2, i32 %p_Result_9_1, i32 %p_Result_9)" [../pingpang/neuron.cpp:31]   --->   Operation 103 'bitconcatenate' 'V_m_s' <Predicate = true> <Delay = 0.00>
ST_9 : Operation 104 [1/1] (0.00ns)   --->   "%mrv = insertvalue { i256, i256, i256, i256, i256, i256, i256 } undef, i256 %weighted_spikes_ex_s, 0" [../pingpang/neuron.cpp:33]   --->   Operation 104 'insertvalue' 'mrv' <Predicate = true> <Delay = 0.00>
ST_9 : Operation 105 [1/1] (0.00ns)   --->   "%mrv_1 = insertvalue { i256, i256, i256, i256, i256, i256, i256 } %mrv, i256 %weighted_spikes_in_s, 1" [../pingpang/neuron.cpp:33]   --->   Operation 105 'insertvalue' 'mrv_1' <Predicate = true> <Delay = 0.00>
ST_9 : Operation 106 [1/1] (0.00ns)   --->   "%mrv_2 = insertvalue { i256, i256, i256, i256, i256, i256, i256 } %mrv_1, i256 %I_e_s, 2" [../pingpang/neuron.cpp:33]   --->   Operation 106 'insertvalue' 'mrv_2' <Predicate = true> <Delay = 0.00>
ST_9 : Operation 107 [1/1] (0.00ns)   --->   "%mrv_3 = insertvalue { i256, i256, i256, i256, i256, i256, i256 } %mrv_2, i256 %i_syn_ex_s, 3" [../pingpang/neuron.cpp:33]   --->   Operation 107 'insertvalue' 'mrv_3' <Predicate = true> <Delay = 0.00>
ST_9 : Operation 108 [1/1] (0.00ns)   --->   "%mrv_4 = insertvalue { i256, i256, i256, i256, i256, i256, i256 } %mrv_3, i256 %i_syn_in_s, 4" [../pingpang/neuron.cpp:33]   --->   Operation 108 'insertvalue' 'mrv_4' <Predicate = true> <Delay = 0.00>
ST_9 : Operation 109 [1/1] (0.00ns)   --->   "%mrv_5 = insertvalue { i256, i256, i256, i256, i256, i256, i256 } %mrv_4, i256 %r_ref_s, 5" [../pingpang/neuron.cpp:33]   --->   Operation 109 'insertvalue' 'mrv_5' <Predicate = true> <Delay = 0.00>
ST_9 : Operation 110 [1/1] (0.00ns)   --->   "%mrv_6 = insertvalue { i256, i256, i256, i256, i256, i256, i256 } %mrv_5, i256 %V_m_s, 6" [../pingpang/neuron.cpp:33]   --->   Operation 110 'insertvalue' 'mrv_6' <Predicate = true> <Delay = 0.00>
ST_9 : Operation 111 [1/1] (0.00ns)   --->   "ret { i256, i256, i256, i256, i256, i256, i256 } %mrv_6" [../pingpang/neuron.cpp:33]   --->   Operation 111 'ret' <Predicate = true> <Delay = 0.00>


============================================================
+ Verbose Summary: Timing violations
============================================================
Target clock period: 10ns, clock uncertainty: 1.25ns.

 <State 1>: 0.945ns
The critical path consists of the following:
	wire read on port 'input01_V_offset' [6]  (0 ns)
	'add' operation ('sum3') [20]  (0.945 ns)

 <State 2>: 8.75ns
The critical path consists of the following:
	'getelementptr' operation ('input00_V_addr') [16]  (0 ns)
	bus request on port 'input00_V' (../pingpang/neuron.cpp:22) [17]  (8.75 ns)

 <State 3>: 8.75ns
The critical path consists of the following:
	bus request on port 'input00_V' (../pingpang/neuron.cpp:22) [17]  (8.75 ns)

 <State 4>: 8.75ns
The critical path consists of the following:
	bus request on port 'input00_V' (../pingpang/neuron.cpp:22) [17]  (8.75 ns)

 <State 5>: 8.75ns
The critical path consists of the following:
	bus request on port 'input00_V' (../pingpang/neuron.cpp:22) [17]  (8.75 ns)

 <State 6>: 8.75ns
The critical path consists of the following:
	bus request on port 'input00_V' (../pingpang/neuron.cpp:22) [17]  (8.75 ns)

 <State 7>: 8.75ns
The critical path consists of the following:
	bus request on port 'input00_V' (../pingpang/neuron.cpp:22) [17]  (8.75 ns)

 <State 8>: 8.75ns
The critical path consists of the following:
	bus request on port 'input00_V' (../pingpang/neuron.cpp:22) [17]  (8.75 ns)

 <State 9>: 8.75ns
The critical path consists of the following:
	bus read on port 'input00_V' (../pingpang/neuron.cpp:22) [18]  (8.75 ns)


============================================================
+ Verbose Summary: Binding
============================================================
N/A
* FSMD analyzer results:
  - Output states:
 - Input state : 
  - Chain level:
	State 1
	State 2
	State 3
	State 4
	State 5
	State 6
	State 7
	State 8
	State 9


============================================================
+ Verbose Summary: Datapath Resource usage 
============================================================
N/A
